<?xml version="1.0" encoding="UTF-8"?>
<!-- Generated by org.testng.reporters.JUnitXMLReporter -->
<testsuite hostname="LAPTOP-CGO60B0O" ignored="0" name="eCommerce Site" tests="3" failures="1" timestamp="2020-07-15T22:14:11 CST" time="73.297" errors="0">
  <testcase name="login" time="13.339" classname="com.eCommerce.testCases.TC_Departments_Laptops_01"/>
  <testcase name="login" time="4.68" classname="com.eCommerce.testCases.TC_Departments_CellPhones_02"/>
  <testcase name="login" time="4.58" classname="com.eCommerce.testCases.TC_Login_03">
    <failure type="junit.framework.AssertionFailedError">
      <![CDATA[junit.framework.AssertionFailedError
at junit.framework.Assert.fail(Assert.java:47)
at junit.framework.Assert.assertTrue(Assert.java:20)
at junit.framework.Assert.assertTrue(Assert.java:27)
at com.eCommerce.testCases.TC_Login_03.login(TC_Login_03.java:37)
at java.util.ArrayList.forEach(Unknown Source)
... Removed 27 stack frames]]>
    </failure>
  </testcase> <!-- login -->
</testsuite> <!-- eCommerce Site -->
