<?xml version="1.0" encoding="UTF-8"?>
<testng-results skipped="0" failed="1" ignored="0" total="3" passed="2">
  <reporter-output>
  </reporter-output>
  <suite name="eCommerce Automation Suite" duration-ms="73297" started-at="2020-07-15T22:12:57 CST" finished-at="2020-07-15T22:14:11 CST">
    <groups>
    </groups>
    <test name="eCommerce Site" duration-ms="73297" started-at="2020-07-15T22:12:57 CST" finished-at="2020-07-15T22:14:11 CST">
      <class name="com.eCommerce.testCases.TC_Departments_Laptops_01">
        <test-method status="PASS" signature="setup(java.lang.String)[pri:0, instance:com.eCommerce.testCases.TC_Departments_Laptops_01@536aaa8d]" name="setup" is-config="true" duration-ms="24947" started-at="2020-07-15T22:12:58 CST" finished-at="2020-07-15T22:13:23 CST">
          <params>
            <param index="0">
              <value>
                <![CDATA[chrome]]>
              </value>
            </param>
          </params>
          <reporter-output>
          </reporter-output>
        </test-method> <!-- setup -->
        <test-method status="PASS" signature="login()[pri:0, instance:com.eCommerce.testCases.TC_Departments_Laptops_01@536aaa8d]" name="login" duration-ms="13339" started-at="2020-07-15T22:13:23 CST" finished-at="2020-07-15T22:13:36 CST">
          <reporter-output>
          </reporter-output>
        </test-method> <!-- login -->
        <test-method status="PASS" signature="tearDown()[pri:0, instance:com.eCommerce.testCases.TC_Departments_Laptops_01@536aaa8d]" name="tearDown" is-config="true" duration-ms="1339" started-at="2020-07-15T22:13:36 CST" finished-at="2020-07-15T22:13:37 CST">
          <reporter-output>
          </reporter-output>
        </test-method> <!-- tearDown -->
      </class> <!-- com.eCommerce.testCases.TC_Departments_Laptops_01 -->
      <class name="com.eCommerce.testCases.TC_Login_03">
        <test-method status="PASS" signature="setup(java.lang.String)[pri:0, instance:com.eCommerce.testCases.TC_Login_03@1f57539]" name="setup" is-config="true" duration-ms="10483" started-at="2020-07-15T22:13:55 CST" finished-at="2020-07-15T22:14:05 CST">
          <params>
            <param index="0">
              <value>
                <![CDATA[chrome]]>
              </value>
            </param>
          </params>
          <reporter-output>
          </reporter-output>
        </test-method> <!-- setup -->
        <test-method status="FAIL" signature="login()[pri:0, instance:com.eCommerce.testCases.TC_Login_03@1f57539]" name="login" duration-ms="4580" started-at="2020-07-15T22:14:05 CST" finished-at="2020-07-15T22:14:10 CST">
          <exception class="junit.framework.AssertionFailedError">
            <full-stacktrace>
              <![CDATA[junit.framework.AssertionFailedError
at junit.framework.Assert.fail(Assert.java:47)
at junit.framework.Assert.assertTrue(Assert.java:20)
at junit.framework.Assert.assertTrue(Assert.java:27)
at com.eCommerce.testCases.TC_Login_03.login(TC_Login_03.java:37)
at sun.reflect.NativeMethodAccessorImpl.invoke0(Native Method)
at sun.reflect.NativeMethodAccessorImpl.invoke(Unknown Source)
at sun.reflect.DelegatingMethodAccessorImpl.invoke(Unknown Source)
at java.lang.reflect.Method.invoke(Unknown Source)
at org.testng.internal.MethodInvocationHelper.invokeMethod(MethodInvocationHelper.java:134)
at org.testng.internal.TestInvoker.invokeMethod(TestInvoker.java:597)
at org.testng.internal.TestInvoker.invokeTestMethod(TestInvoker.java:173)
at org.testng.internal.MethodRunner.runInSequence(MethodRunner.java:46)
at org.testng.internal.TestInvoker$MethodInvocationAgent.invoke(TestInvoker.java:816)
at org.testng.internal.TestInvoker.invokeTestMethods(TestInvoker.java:146)
at org.testng.internal.TestMethodWorker.invokeTestMethods(TestMethodWorker.java:146)
at org.testng.internal.TestMethodWorker.run(TestMethodWorker.java:128)
at java.util.ArrayList.forEach(Unknown Source)
at org.testng.TestRunner.privateRun(TestRunner.java:766)
at org.testng.TestRunner.run(TestRunner.java:587)
at org.testng.SuiteRunner.runTest(SuiteRunner.java:384)
at org.testng.SuiteRunner.runSequentially(SuiteRunner.java:378)
at org.testng.SuiteRunner.privateRun(SuiteRunner.java:337)
at org.testng.SuiteRunner.run(SuiteRunner.java:286)
at org.testng.SuiteRunnerWorker.runSuite(SuiteRunnerWorker.java:53)
at org.testng.SuiteRunnerWorker.run(SuiteRunnerWorker.java:96)
at org.testng.TestNG.runSuitesSequentially(TestNG.java:1187)
at org.testng.TestNG.runSuitesLocally(TestNG.java:1109)
at org.testng.TestNG.runSuites(TestNG.java:1039)
at org.testng.TestNG.run(TestNG.java:1007)
at org.testng.remote.AbstractRemoteTestNG.run(AbstractRemoteTestNG.java:115)
at org.testng.remote.RemoteTestNG.initAndRun(RemoteTestNG.java:251)
at org.testng.remote.RemoteTestNG.main(RemoteTestNG.java:77)
]]>
            </full-stacktrace>
          </exception> <!-- junit.framework.AssertionFailedError -->
          <reporter-output>
          </reporter-output>
        </test-method> <!-- login -->
        <test-method status="PASS" signature="tearDown()[pri:0, instance:com.eCommerce.testCases.TC_Login_03@1f57539]" name="tearDown" is-config="true" duration-ms="833" started-at="2020-07-15T22:14:10 CST" finished-at="2020-07-15T22:14:11 CST">
          <reporter-output>
          </reporter-output>
        </test-method> <!-- tearDown -->
      </class> <!-- com.eCommerce.testCases.TC_Login_03 -->
      <class name="com.eCommerce.testCases.TC_Departments_CellPhones_02">
        <test-method status="PASS" signature="setup(java.lang.String)[pri:0, instance:com.eCommerce.testCases.TC_Departments_CellPhones_02@e320068]" name="setup" is-config="true" duration-ms="11798" started-at="2020-07-15T22:13:37 CST" finished-at="2020-07-15T22:13:49 CST">
          <params>
            <param index="0">
              <value>
                <![CDATA[chrome]]>
              </value>
            </param>
          </params>
          <reporter-output>
          </reporter-output>
        </test-method> <!-- setup -->
        <test-method status="PASS" signature="login()[pri:0, instance:com.eCommerce.testCases.TC_Departments_CellPhones_02@e320068]" name="login" duration-ms="4680" started-at="2020-07-15T22:13:49 CST" finished-at="2020-07-15T22:13:54 CST">
          <reporter-output>
          </reporter-output>
        </test-method> <!-- login -->
        <test-method status="PASS" signature="tearDown()[pri:0, instance:com.eCommerce.testCases.TC_Departments_CellPhones_02@e320068]" name="tearDown" is-config="true" duration-ms="1061" started-at="2020-07-15T22:13:54 CST" finished-at="2020-07-15T22:13:55 CST">
          <reporter-output>
          </reporter-output>
        </test-method> <!-- tearDown -->
      </class> <!-- com.eCommerce.testCases.TC_Departments_CellPhones_02 -->
    </test> <!-- eCommerce Site -->
  </suite> <!-- eCommerce Automation Suite -->
</testng-results>
