<?xml version="1.0" encoding="UTF-8"?>
<testng-results skipped="0" failed="0" ignored="0" total="1" passed="1">
  <reporter-output>
  </reporter-output>
  <suite name="eCommerce Automation Suite" duration-ms="21160" started-at="2020-07-17T18:50:50 CST" finished-at="2020-07-17T18:51:11 CST">
    <groups>
    </groups>
    <test name="eCommerce Site" duration-ms="21160" started-at="2020-07-17T18:50:50 CST" finished-at="2020-07-17T18:51:11 CST">
      <class name="com.eCommerce.testCases.TC_Departments_Laptops_01">
        <test-method status="PASS" signature="setup(java.lang.String)[pri:0, instance:com.eCommerce.testCases.TC_Departments_Laptops_01@e320068]" name="setup" is-config="true" duration-ms="9873" started-at="2020-07-17T18:50:50 CST" finished-at="2020-07-17T18:51:00 CST">
          <params>
            <param index="0">
              <value>
                <![CDATA[chrome]]>
              </value>
            </param>
          </params>
          <reporter-output>
          </reporter-output>
        </test-method> <!-- setup -->
        <test-method status="PASS" signature="departments()[pri:0, instance:com.eCommerce.testCases.TC_Departments_Laptops_01@e320068]" name="departments" duration-ms="10173" started-at="2020-07-17T18:51:00 CST" finished-at="2020-07-17T18:51:10 CST">
          <reporter-output>
          </reporter-output>
        </test-method> <!-- departments -->
        <test-method status="PASS" signature="tearDown()[pri:0, instance:com.eCommerce.testCases.TC_Departments_Laptops_01@e320068]" name="tearDown" is-config="true" duration-ms="900" started-at="2020-07-17T18:51:10 CST" finished-at="2020-07-17T18:51:11 CST">
          <reporter-output>
          </reporter-output>
        </test-method> <!-- tearDown -->
      </class> <!-- com.eCommerce.testCases.TC_Departments_Laptops_01 -->
    </test> <!-- eCommerce Site -->
  </suite> <!-- eCommerce Automation Suite -->
</testng-results>
